<?xml version="1.0" encoding="UTF-8"?>
<!-- Generated by org.testng.reporters.JUnitReportReporter -->
<testsuite hostname="DESKTOP-IEA4V1C" failures="0" tests="2" name="TestRunner.TestRunner2" time="0.724" errors="0" timestamp="2021-12-30T22:36:41 IST" skipped="0">
  <testcase classname="TestRunner.TestRunner2" name="runScenario" time="0.062"/>
  <system-out/>
  <testcase classname="TestRunner.TestRunner2" name="runScenario" time="0.662"/>
  <system-out/>
</testsuite> <!-- TestRunner.TestRunner2 -->
